SF:lib/models/user_finantial_status_model.dart
DA:4,3
DA:6,1
DA:8,2
LF:3
LH:3
end_of_record
SF:lib/blocs/finantial_health_bloc.dart
DA:9,6
DA:10,5
DA:13,3
DA:14,2
DA:15,2
DA:18,2
DA:20,4
DA:26,3
LF:8
LH:8
end_of_record
SF:lib/blocs/finantial_health_event.dart
DA:13,1
LF:1
LH:1
end_of_record
SF:lib/blocs/finantial_health_state.dart
DA:12,2
LF:1
LH:1
end_of_record
SF:lib/pages/finantial_result_page.dart
DA:10,4
DA:12,1
DA:14,1
DA:16,1
DA:17,1
DA:22,1
DA:23,1
DA:24,1
DA:25,1
DA:28,1
DA:30,1
DA:32,1
DA:35,3
DA:38,2
DA:42,1
DA:44,0
DA:45,0
DA:46,0
DA:48,0
LF:19
LH:15
end_of_record
SF:lib/pages/home_page.dart
DA:7,4
DA:9,1
DA:11,1
DA:13,1
DA:18,1
DA:19,1
DA:22,1
DA:24,1
DA:27,3
LF:9
LH:9
end_of_record
SF:lib/widgets/app_bar_widget.dart
DA:5,6
DA:7,2
DA:8,2
DA:10,2
DA:11,2
LF:5
LH:5
end_of_record
SF:lib/widgets/finantial_score_card_widget.dart
DA:10,2
DA:12,1
DA:13,1
DA:15,1
DA:17,1
DA:18,1
DA:23,1
DA:25,1
DA:26,1
DA:27,1
DA:29,6
DA:31,1
DA:32,4
DA:33,3
DA:36,1
DA:37,4
DA:38,3
DA:41,1
DA:42,0
DA:43,1
DA:45,3
LF:21
LH:20
end_of_record
SF:lib/widgets/finantial_test_card_widget.dart
DA:13,3
DA:15,1
DA:16,1
DA:26,1
DA:28,1
DA:29,3
DA:30,2
DA:31,1
DA:33,3
DA:34,2
DA:35,1
DA:37,3
DA:38,4
DA:39,0
DA:41,0
DA:42,0
DA:43,0
DA:49,1
DA:51,2
DA:52,0
DA:53,0
DA:55,2
DA:56,0
DA:57,0
DA:59,2
DA:60,2
DA:61,2
DA:62,1
DA:65,1
DA:66,1
DA:67,1
DA:68,1
DA:69,0
DA:70,0
DA:71,0
DA:72,0
DA:77,1
DA:78,4
DA:79,4
DA:80,2
DA:83,1
DA:84,1
DA:86,1
DA:87,1
DA:92,1
DA:94,1
DA:96,1
DA:97,1
DA:99,1
DA:103,3
DA:105,1
DA:107,3
DA:110,2
DA:112,2
DA:114,1
DA:115,1
DA:116,1
DA:117,1
DA:120,1
DA:121,0
DA:122,1
DA:137,0
DA:139,0
DA:142,2
DA:143,1
DA:144,1
DA:146,1
DA:148,3
DA:151,1
DA:152,1
DA:153,1
DA:155,1
DA:156,2
DA:159,1
DA:160,1
LF:75
LH:60
end_of_record
